This is pdfTeX, Version 3.1415926-2.3-1.40.12 (MiKTeX 2.9 64-bit) (preloaded format=pdflatex 2012.9.23)  26 OCT 2014 20:11
entering extended mode
**writeup.tex
(C:\Users\Jason\Dropbox\Course_Material\CMSC_733\PS3\writeup.tex
LaTeX2e <2011/06/27>
Babel <v3.8m> and hyphenation patterns for english, afrikaans, ancientgreek, ar
abic, armenian, assamese, basque, bengali, bokmal, bulgarian, catalan, coptic, 
croatian, czech, danish, dutch, esperanto, estonian, farsi, finnish, french, ga
lician, german, german-x-2009-06-19, greek, gujarati, hindi, hungarian, iceland
ic, indonesian, interlingua, irish, italian, kannada, kurmanji, lao, latin, lat
vian, lithuanian, malayalam, marathi, mongolian, mongolianlmc, monogreek, ngerm
an, ngerman-x-2009-06-19, nynorsk, oriya, panjabi, pinyin, polish, portuguese, 
romanian, russian, sanskrit, serbian, slovak, slovenian, spanish, swedish, swis
sgerman, tamil, telugu, turkish, turkmen, ukenglish, ukrainian, uppersorbian, u
senglishmax, welsh, loaded.
("C:\Program Files\MiKTeX 2.9\tex\latex\base\article.cls"
Document Class: article 2007/10/19 v1.4h Standard LaTeX document class
("C:\Program Files\MiKTeX 2.9\tex\latex\base\size11.clo"
File: size11.clo 2007/10/19 v1.4h Standard LaTeX file (size option)
)
\c@part=\count79
\c@section=\count80
\c@subsection=\count81
\c@subsubsection=\count82
\c@paragraph=\count83
\c@subparagraph=\count84
\c@figure=\count85
\c@table=\count86
\abovecaptionskip=\skip41
\belowcaptionskip=\skip42
\bibindent=\dimen102
)
("C:\Program Files\MiKTeX 2.9\tex\latex\base\inputenc.sty"
Package: inputenc 2008/03/30 v1.1d Input encoding file
\inpenc@prehook=\toks14
\inpenc@posthook=\toks15

("C:\Program Files\MiKTeX 2.9\tex\latex\base\utf8.def"
File: utf8.def 2008/04/05 v1.1m UTF-8 support for inputenc
Now handling font encoding OML ...
... no UTF-8 mapping file for font encoding OML
Now handling font encoding T1 ...
... processing UTF-8 mapping file for font encoding T1

("C:\Program Files\MiKTeX 2.9\tex\latex\base\t1enc.dfu"
File: t1enc.dfu 2008/04/05 v1.1m UTF-8 support for inputenc
   defining Unicode char U+00A1 (decimal 161)
   defining Unicode char U+00A3 (decimal 163)
   defining Unicode char U+00AB (decimal 171)
   defining Unicode char U+00BB (decimal 187)
   defining Unicode char U+00BF (decimal 191)
   defining Unicode char U+00C0 (decimal 192)
   defining Unicode char U+00C1 (decimal 193)
   defining Unicode char U+00C2 (decimal 194)
   defining Unicode char U+00C3 (decimal 195)
   defining Unicode char U+00C4 (decimal 196)
   defining Unicode char U+00C5 (decimal 197)
   defining Unicode char U+00C6 (decimal 198)
   defining Unicode char U+00C7 (decimal 199)
   defining Unicode char U+00C8 (decimal 200)
   defining Unicode char U+00C9 (decimal 201)
   defining Unicode char U+00CA (decimal 202)
   defining Unicode char U+00CB (decimal 203)
   defining Unicode char U+00CC (decimal 204)
   defining Unicode char U+00CD (decimal 205)
   defining Unicode char U+00CE (decimal 206)
   defining Unicode char U+00CF (decimal 207)
   defining Unicode char U+00D0 (decimal 208)
   defining Unicode char U+00D1 (decimal 209)
   defining Unicode char U+00D2 (decimal 210)
   defining Unicode char U+00D3 (decimal 211)
   defining Unicode char U+00D4 (decimal 212)
   defining Unicode char U+00D5 (decimal 213)
   defining Unicode char U+00D6 (decimal 214)
   defining Unicode char U+00D8 (decimal 216)
   defining Unicode char U+00D9 (decimal 217)
   defining Unicode char U+00DA (decimal 218)
   defining Unicode char U+00DB (decimal 219)
   defining Unicode char U+00DC (decimal 220)
   defining Unicode char U+00DD (decimal 221)
   defining Unicode char U+00DE (decimal 222)
   defining Unicode char U+00DF (decimal 223)
   defining Unicode char U+00E0 (decimal 224)
   defining Unicode char U+00E1 (decimal 225)
   defining Unicode char U+00E2 (decimal 226)
   defining Unicode char U+00E3 (decimal 227)
   defining Unicode char U+00E4 (decimal 228)
   defining Unicode char U+00E5 (decimal 229)
   defining Unicode char U+00E6 (decimal 230)
   defining Unicode char U+00E7 (decimal 231)
   defining Unicode char U+00E8 (decimal 232)
   defining Unicode char U+00E9 (decimal 233)
   defining Unicode char U+00EA (decimal 234)
   defining Unicode char U+00EB (decimal 235)
   defining Unicode char U+00EC (decimal 236)
   defining Unicode char U+00ED (decimal 237)
   defining Unicode char U+00EE (decimal 238)
   defining Unicode char U+00EF (decimal 239)
   defining Unicode char U+00F0 (decimal 240)
   defining Unicode char U+00F1 (decimal 241)
   defining Unicode char U+00F2 (decimal 242)
   defining Unicode char U+00F3 (decimal 243)
   defining Unicode char U+00F4 (decimal 244)
   defining Unicode char U+00F5 (decimal 245)
   defining Unicode char U+00F6 (decimal 246)
   defining Unicode char U+00F8 (decimal 248)
   defining Unicode char U+00F9 (decimal 249)
   defining Unicode char U+00FA (decimal 250)
   defining Unicode char U+00FB (decimal 251)
   defining Unicode char U+00FC (decimal 252)
   defining Unicode char U+00FD (decimal 253)
   defining Unicode char U+00FE (decimal 254)
   defining Unicode char U+00FF (decimal 255)
   defining Unicode char U+0102 (decimal 258)
   defining Unicode char U+0103 (decimal 259)
   defining Unicode char U+0104 (decimal 260)
   defining Unicode char U+0105 (decimal 261)
   defining Unicode char U+0106 (decimal 262)
   defining Unicode char U+0107 (decimal 263)
   defining Unicode char U+010C (decimal 268)
   defining Unicode char U+010D (decimal 269)
   defining Unicode char U+010E (decimal 270)
   defining Unicode char U+010F (decimal 271)
   defining Unicode char U+0110 (decimal 272)
   defining Unicode char U+0111 (decimal 273)
   defining Unicode char U+0118 (decimal 280)
   defining Unicode char U+0119 (decimal 281)
   defining Unicode char U+011A (decimal 282)
   defining Unicode char U+011B (decimal 283)
   defining Unicode char U+011E (decimal 286)
   defining Unicode char U+011F (decimal 287)
   defining Unicode char U+0130 (decimal 304)
   defining Unicode char U+0131 (decimal 305)
   defining Unicode char U+0132 (decimal 306)
   defining Unicode char U+0133 (decimal 307)
   defining Unicode char U+0139 (decimal 313)
   defining Unicode char U+013A (decimal 314)
   defining Unicode char U+013D (decimal 317)
   defining Unicode char U+013E (decimal 318)
   defining Unicode char U+0141 (decimal 321)
   defining Unicode char U+0142 (decimal 322)
   defining Unicode char U+0143 (decimal 323)
   defining Unicode char U+0144 (decimal 324)
   defining Unicode char U+0147 (decimal 327)
   defining Unicode char U+0148 (decimal 328)
   defining Unicode char U+014A (decimal 330)
   defining Unicode char U+014B (decimal 331)
   defining Unicode char U+0150 (decimal 336)
   defining Unicode char U+0151 (decimal 337)
   defining Unicode char U+0152 (decimal 338)
   defining Unicode char U+0153 (decimal 339)
   defining Unicode char U+0154 (decimal 340)
   defining Unicode char U+0155 (decimal 341)
   defining Unicode char U+0158 (decimal 344)
   defining Unicode char U+0159 (decimal 345)
   defining Unicode char U+015A (decimal 346)
   defining Unicode char U+015B (decimal 347)
   defining Unicode char U+015E (decimal 350)
   defining Unicode char U+015F (decimal 351)
   defining Unicode char U+0160 (decimal 352)
   defining Unicode char U+0161 (decimal 353)
   defining Unicode char U+0162 (decimal 354)
   defining Unicode char U+0163 (decimal 355)
   defining Unicode char U+0164 (decimal 356)
   defining Unicode char U+0165 (decimal 357)
   defining Unicode char U+016E (decimal 366)
   defining Unicode char U+016F (decimal 367)
   defining Unicode char U+0170 (decimal 368)
   defining Unicode char U+0171 (decimal 369)
   defining Unicode char U+0178 (decimal 376)
   defining Unicode char U+0179 (decimal 377)
   defining Unicode char U+017A (decimal 378)
   defining Unicode char U+017B (decimal 379)
   defining Unicode char U+017C (decimal 380)
   defining Unicode char U+017D (decimal 381)
   defining Unicode char U+017E (decimal 382)
   defining Unicode char U+200C (decimal 8204)
   defining Unicode char U+2013 (decimal 8211)
   defining Unicode char U+2014 (decimal 8212)
   defining Unicode char U+2018 (decimal 8216)
   defining Unicode char U+2019 (decimal 8217)
   defining Unicode char U+201A (decimal 8218)
   defining Unicode char U+201C (decimal 8220)
   defining Unicode char U+201D (decimal 8221)
   defining Unicode char U+201E (decimal 8222)
   defining Unicode char U+2030 (decimal 8240)
   defining Unicode char U+2031 (decimal 8241)
   defining Unicode char U+2039 (decimal 8249)
   defining Unicode char U+203A (decimal 8250)
   defining Unicode char U+2423 (decimal 9251)
)
Now handling font encoding OT1 ...
... processing UTF-8 mapping file for font encoding OT1

("C:\Program Files\MiKTeX 2.9\tex\latex\base\ot1enc.dfu"
File: ot1enc.dfu 2008/04/05 v1.1m UTF-8 support for inputenc
   defining Unicode char U+00A1 (decimal 161)
   defining Unicode char U+00A3 (decimal 163)
   defining Unicode char U+00B8 (decimal 184)
   defining Unicode char U+00BF (decimal 191)
   defining Unicode char U+00C5 (decimal 197)
   defining Unicode char U+00C6 (decimal 198)
   defining Unicode char U+00D8 (decimal 216)
   defining Unicode char U+00DF (decimal 223)
   defining Unicode char U+00E6 (decimal 230)
   defining Unicode char U+00EC (decimal 236)
   defining Unicode char U+00ED (decimal 237)
   defining Unicode char U+00EE (decimal 238)
   defining Unicode char U+00EF (decimal 239)
   defining Unicode char U+00F8 (decimal 248)
   defining Unicode char U+0131 (decimal 305)
   defining Unicode char U+0141 (decimal 321)
   defining Unicode char U+0142 (decimal 322)
   defining Unicode char U+0152 (decimal 338)
   defining Unicode char U+0153 (decimal 339)
   defining Unicode char U+2013 (decimal 8211)
   defining Unicode char U+2014 (decimal 8212)
   defining Unicode char U+2018 (decimal 8216)
   defining Unicode char U+2019 (decimal 8217)
   defining Unicode char U+201C (decimal 8220)
   defining Unicode char U+201D (decimal 8221)
)
Now handling font encoding OMS ...
... processing UTF-8 mapping file for font encoding OMS

("C:\Program Files\MiKTeX 2.9\tex\latex\base\omsenc.dfu"
File: omsenc.dfu 2008/04/05 v1.1m UTF-8 support for inputenc
   defining Unicode char U+00A7 (decimal 167)
   defining Unicode char U+00B6 (decimal 182)
   defining Unicode char U+00B7 (decimal 183)
   defining Unicode char U+2020 (decimal 8224)
   defining Unicode char U+2021 (decimal 8225)
   defining Unicode char U+2022 (decimal 8226)
)
Now handling font encoding OMX ...
... no UTF-8 mapping file for font encoding OMX
Now handling font encoding U ...
... no UTF-8 mapping file for font encoding U
   defining Unicode char U+00A9 (decimal 169)
   defining Unicode char U+00AA (decimal 170)
   defining Unicode char U+00AE (decimal 174)
   defining Unicode char U+00BA (decimal 186)
   defining Unicode char U+02C6 (decimal 710)
   defining Unicode char U+02DC (decimal 732)
   defining Unicode char U+200C (decimal 8204)
   defining Unicode char U+2026 (decimal 8230)
   defining Unicode char U+2122 (decimal 8482)
   defining Unicode char U+2423 (decimal 9251)
))
("C:\Program Files\MiKTeX 2.9\tex\latex\geometry\geometry.sty"
Package: geometry 2010/09/12 v5.6 Page Geometry

("C:\Program Files\MiKTeX 2.9\tex\latex\graphics\keyval.sty"
Package: keyval 1999/03/16 v1.13 key=value parser (DPC)
\KV@toks@=\toks16
)
("C:\Program Files\MiKTeX 2.9\tex\generic\oberdiek\ifpdf.sty"
Package: ifpdf 2011/01/30 v2.3 Provides the ifpdf switch (HO)
Package ifpdf Info: pdfTeX in PDF mode is detected.
)
("C:\Program Files\MiKTeX 2.9\tex\generic\oberdiek\ifvtex.sty"
Package: ifvtex 2010/03/01 v1.5 Detect VTeX and its facilities (HO)
Package ifvtex Info: VTeX not detected.
)
("C:\Program Files\MiKTeX 2.9\tex\generic\ifxetex\ifxetex.sty"
Package: ifxetex 2010/09/12 v0.6 Provides ifxetex conditional
)
\Gm@cnth=\count87
\Gm@cntv=\count88
\c@Gm@tempcnt=\count89
\Gm@bindingoffset=\dimen103
\Gm@wd@mp=\dimen104
\Gm@odd@mp=\dimen105
\Gm@even@mp=\dimen106
\Gm@layoutwidth=\dimen107
\Gm@layoutheight=\dimen108
\Gm@layouthoffset=\dimen109
\Gm@layoutvoffset=\dimen110
\Gm@dimlist=\toks17

("C:\Program Files\MiKTeX 2.9\tex\latex\geometry\geometry.cfg"))
("C:\Program Files\MiKTeX 2.9\tex\latex\graphics\graphicx.sty"
Package: graphicx 1999/02/16 v1.0f Enhanced LaTeX Graphics (DPC,SPQR)

("C:\Program Files\MiKTeX 2.9\tex\latex\graphics\graphics.sty"
Package: graphics 2009/02/05 v1.0o Standard LaTeX Graphics (DPC,SPQR)

("C:\Program Files\MiKTeX 2.9\tex\latex\graphics\trig.sty"
Package: trig 1999/03/16 v1.09 sin cos tan (DPC)
)
("C:\Program Files\MiKTeX 2.9\tex\latex\00miktex\graphics.cfg"
File: graphics.cfg 2007/01/18 v1.5 graphics configuration of teTeX/TeXLive
)
Package graphics Info: Driver file: pdftex.def on input line 91.

("C:\Program Files\MiKTeX 2.9\tex\latex\pdftex-def\pdftex.def"
File: pdftex.def 2011/05/27 v0.06d Graphics/color for pdfTeX

("C:\Program Files\MiKTeX 2.9\tex\generic\oberdiek\infwarerr.sty"
Package: infwarerr 2010/04/08 v1.3 Providing info/warning/error messages (HO)
)
("C:\Program Files\MiKTeX 2.9\tex\generic\oberdiek\ltxcmds.sty"
Package: ltxcmds 2011/11/09 v1.22 LaTeX kernel commands for general use (HO)
)
\Gread@gobject=\count90
))
\Gin@req@height=\dimen111
\Gin@req@width=\dimen112
)
(C:\Users\Jason\AppData\Roaming\MiKTeX\2.9\tex\latex\booktabs\booktabs.sty
Package: booktabs 2005/04/14 v1.61803 publication quality tables
\heavyrulewidth=\dimen113
\lightrulewidth=\dimen114
\cmidrulewidth=\dimen115
\belowrulesep=\dimen116
\belowbottomsep=\dimen117
\aboverulesep=\dimen118
\abovetopsep=\dimen119
\cmidrulesep=\dimen120
\cmidrulekern=\dimen121
\defaultaddspace=\dimen122
\@cmidla=\count91
\@cmidlb=\count92
\@aboverulesep=\dimen123
\@belowrulesep=\dimen124
\@thisruleclass=\count93
\@lastruleclass=\count94
\@thisrulewidth=\dimen125
)
("C:\Program Files\MiKTeX 2.9\tex\latex\tools\array.sty"
Package: array 2008/09/09 v2.4c Tabular extension package (FMi)
\col@sep=\dimen126
\extrarowheight=\dimen127
\NC@list=\toks18
\extratabsurround=\skip43
\backup@length=\skip44
)
(C:\Users\Jason\AppData\Roaming\MiKTeX\2.9\tex\latex\paralist\paralist.sty
Package: paralist 2002/03/18 v2.3b Extended list environments (BS)
\pltopsep=\skip45
\plpartopsep=\skip46
\plitemsep=\skip47
\plparsep=\skip48
\pl@lab=\toks19
)
("C:\Program Files\MiKTeX 2.9\tex\latex\tools\verbatim.sty"
Package: verbatim 2003/08/22 v1.5q LaTeX2e package for verbatim enhancements
\every@verbatim=\toks20
\verbatim@line=\toks21
\verbatim@in@stream=\read1
)
(C:\Users\Jason\AppData\Roaming\MiKTeX\2.9\tex\latex\subfig\subfig.sty
Package: subfig 2005/06/28 ver: 1.3 subfig package

(C:\Users\Jason\AppData\Roaming\MiKTeX\2.9\tex\latex\caption\caption.sty
Package: caption 2013/01/06 v3.3 Customizing captions (AR)

(C:\Users\Jason\AppData\Roaming\MiKTeX\2.9\tex\latex\caption\caption3.sty
Package: caption3 2013/01/06 v1.5 caption3 kernel (AR)
\captionmargin=\dimen128
\captionmargin@=\dimen129
\captionwidth=\dimen130
\caption@tempdima=\dimen131
\caption@indent=\dimen132
\caption@parindent=\dimen133
\caption@hangindent=\dimen134
)
\c@ContinuedFloat=\count95
)
\c@KVtest=\count96
\sf@farskip=\skip49
\sf@captopadj=\dimen135
\sf@capskip=\skip50
\sf@nearskip=\skip51
\c@subfigure=\count97
\c@subfigure@save=\count98
\c@lofdepth=\count99
\c@subtable=\count100
\c@subtable@save=\count101
\c@lotdepth=\count102
\sf@top=\skip52
\sf@bottom=\skip53
)
(C:\Users\Jason\AppData\Roaming\MiKTeX\2.9\tex\latex\fancyhdr\fancyhdr.sty
\fancy@headwidth=\skip54
\f@ncyO@elh=\skip55
\f@ncyO@erh=\skip56
\f@ncyO@olh=\skip57
\f@ncyO@orh=\skip58
\f@ncyO@elf=\skip59
\f@ncyO@erf=\skip60
\f@ncyO@olf=\skip61
\f@ncyO@orf=\skip62
)
(C:\Users\Jason\AppData\Roaming\MiKTeX\2.9\tex\latex\sectsty\sectsty.sty
Package: sectsty 2002/02/25 v2.0.2 Commands to change all sectional heading sty
les
)
(C:\Users\Jason\AppData\Roaming\MiKTeX\2.9\tex\latex\tocbibind\tocbibind.sty
Package: tocbibind 2010/10/13 v1.5k extra ToC listings
Package tocbibind Info: The document has section divisions on input line 50.


Package tocbibind Note: Using section or other style headings.

) (C:\Users\Jason\AppData\Roaming\MiKTeX\2.9\tex\latex\tocloft\tocloft.sty
Package: tocloft 2010/10/13 v2.3e parameterised ToC, etc., typesetting
Package tocloft Info: The document has section divisions on input line 43.
\cftparskip=\skip63
\cftbeforetoctitleskip=\skip64
\cftaftertoctitleskip=\skip65
\cftbeforepartskip=\skip66
\cftpartnumwidth=\skip67
\cftpartindent=\skip68
\cftbeforesecskip=\skip69
\cftsecindent=\skip70
\cftsecnumwidth=\skip71
\cftbeforesubsecskip=\skip72
\cftsubsecindent=\skip73
\cftsubsecnumwidth=\skip74
\cftbeforesubsubsecskip=\skip75
\cftsubsubsecindent=\skip76
\cftsubsubsecnumwidth=\skip77
\cftbeforeparaskip=\skip78
\cftparaindent=\skip79
\cftparanumwidth=\skip80
\cftbeforesubparaskip=\skip81
\cftsubparaindent=\skip82
\cftsubparanumwidth=\skip83
\cftbeforeloftitleskip=\skip84
\cftafterloftitleskip=\skip85
\cftbeforefigskip=\skip86
\cftfigindent=\skip87
\cftfignumwidth=\skip88
\cftbeforelottitleskip=\skip89
\cftafterlottitleskip=\skip90
\cftbeforetabskip=\skip91
\cfttabindent=\skip92
\cfttabnumwidth=\skip93
\cftbeforesubfigskip=\skip94
\cftsubfigindent=\skip95
\cftsubfignumwidth=\skip96
\cftbeforesubtabskip=\skip97
\cftsubtabindent=\skip98
\cftsubtabnumwidth=\skip99
)
("C:\Program Files\MiKTeX 2.9\tex\latex\ams\math\amsmath.sty"
Package: amsmath 2000/07/18 v2.13 AMS math features
\@mathmargin=\skip100

For additional information on amsmath, use the `?' option.
("C:\Program Files\MiKTeX 2.9\tex\latex\ams\math\amstext.sty"
Package: amstext 2000/06/29 v2.01

("C:\Program Files\MiKTeX 2.9\tex\latex\ams\math\amsgen.sty"
File: amsgen.sty 1999/11/30 v2.0
\@emptytoks=\toks22
\ex@=\dimen136
))
("C:\Program Files\MiKTeX 2.9\tex\latex\ams\math\amsbsy.sty"
Package: amsbsy 1999/11/29 v1.2d
\pmbraise@=\dimen137
)
("C:\Program Files\MiKTeX 2.9\tex\latex\ams\math\amsopn.sty"
Package: amsopn 1999/12/14 v2.01 operator names
)
\inf@bad=\count103
LaTeX Info: Redefining \frac on input line 211.
\uproot@=\count104
\leftroot@=\count105
LaTeX Info: Redefining \overline on input line 307.
\classnum@=\count106
\DOTSCASE@=\count107
LaTeX Info: Redefining \ldots on input line 379.
LaTeX Info: Redefining \dots on input line 382.
LaTeX Info: Redefining \cdots on input line 467.
\Mathstrutbox@=\box26
\strutbox@=\box27
\big@size=\dimen138
LaTeX Font Info:    Redeclaring font encoding OML on input line 567.
LaTeX Font Info:    Redeclaring font encoding OMS on input line 568.
\macc@depth=\count108
\c@MaxMatrixCols=\count109
\dotsspace@=\muskip10
\c@parentequation=\count110
\dspbrk@lvl=\count111
\tag@help=\toks23
\row@=\count112
\column@=\count113
\maxfields@=\count114
\andhelp@=\toks24
\eqnshift@=\dimen139
\alignsep@=\dimen140
\tagshift@=\dimen141
\tagwidth@=\dimen142
\totwidth@=\dimen143
\lineht@=\dimen144
\@envbody=\toks25
\multlinegap=\skip101
\multlinetaggap=\skip102
\mathdisplay@stack=\toks26
LaTeX Info: Redefining \[ on input line 2666.
LaTeX Info: Redefining \] on input line 2667.
)
(C:\Users\Jason\AppData\Roaming\MiKTeX\2.9\tex\latex\units\units.sty
Package: units 1998/08/04 v0.9b Typesetting units

("C:\Program Files\MiKTeX 2.9\tex\latex\base\ifthen.sty"
Package: ifthen 2001/05/26 v1.1c Standard LaTeX ifthen package (DPC)
)
(C:\Users\Jason\AppData\Roaming\MiKTeX\2.9\tex\latex\units\nicefrac.sty
Package: nicefrac 1998/08/04 v0.9b Nice fractions
\L@UnitsRaiseDisplaystyle=\skip103
\L@UnitsRaiseTextstyle=\skip104
\L@UnitsRaiseScriptstyle=\skip105
))
("C:\Program Files\MiKTeX 2.9\tex\latex\ltxmisc\url.sty"
\Urlmuskip=\muskip11
Package: url 2006/04/12  ver 3.3  Verb mode for urls, etc.
)
("C:\Program Files\MiKTeX 2.9\tex\latex\hyperref\hyperref.sty"
Package: hyperref 2012/05/13 v6.82q Hypertext links for LaTeX

("C:\Program Files\MiKTeX 2.9\tex\generic\oberdiek\hobsub-hyperref.sty"
Package: hobsub-hyperref 2012/04/25 v1.12 Bundle oberdiek, subset hyperref (HO)


("C:\Program Files\MiKTeX 2.9\tex\generic\oberdiek\hobsub-generic.sty"
Package: hobsub-generic 2012/04/25 v1.12 Bundle oberdiek, subset generic (HO)
Package: hobsub 2012/04/25 v1.12 Construct package bundles (HO)
Package hobsub Info: Skipping package `infwarerr' (already loaded).
Package hobsub Info: Skipping package `ltxcmds' (already loaded).
Package: ifluatex 2010/03/01 v1.3 Provides the ifluatex switch (HO)
Package ifluatex Info: LuaTeX not detected.
Package hobsub Info: Skipping package `ifvtex' (already loaded).
Package: intcalc 2007/09/27 v1.1 Expandable calculations with integers (HO)
Package hobsub Info: Skipping package `ifpdf' (already loaded).
Package: etexcmds 2011/02/16 v1.5 Avoid name clashes with e-TeX commands (HO)
Package etexcmds Info: Could not find \expanded.
(etexcmds)             That can mean that you are not using pdfTeX 1.50 or
(etexcmds)             that some package has redefined \expanded.
(etexcmds)             In the latter case, load this package earlier.
Package: kvsetkeys 2012/04/25 v1.16 Key value parser (HO)
Package: kvdefinekeys 2011/04/07 v1.3 Define keys (HO)
Package: pdftexcmds 2011/11/29 v0.20 Utility functions of pdfTeX for LuaTeX (HO
)
Package pdftexcmds Info: LuaTeX not detected.
Package pdftexcmds Info: \pdf@primitive is available.
Package pdftexcmds Info: \pdf@ifprimitive is available.
Package pdftexcmds Info: \pdfdraftmode found.
Package: pdfescape 2011/11/25 v1.13 Implements pdfTeX's escape features (HO)
Package: bigintcalc 2012/04/08 v1.3 Expandable calculations on big integers (HO
)
Package: bitset 2011/01/30 v1.1 Handle bit-vector datatype (HO)
Package: uniquecounter 2011/01/30 v1.2 Provide unlimited unique counter (HO)
)
Package hobsub Info: Skipping package `hobsub' (already loaded).
Package: letltxmacro 2010/09/02 v1.4 Let assignment for LaTeX macros (HO)
Package: hopatch 2011/06/24 v1.1 Wrapper for package hooks (HO)
Package: xcolor-patch 2011/01/30 xcolor patch
Package: atveryend 2011/06/30 v1.8 Hooks at the very end of document (HO)
Package atveryend Info: \enddocument detected (standard20110627).
Package: atbegshi 2011/10/05 v1.16 At begin shipout hook (HO)
Package: refcount 2011/10/16 v3.4 Data extraction from label references (HO)
Package: hycolor 2011/01/30 v1.7 Color options for hyperref/bookmark (HO)
)
("C:\Program Files\MiKTeX 2.9\tex\latex\oberdiek\kvoptions.sty"
Package: kvoptions 2011/06/30 v3.11 Key value format for package options (HO)
)
\@linkdim=\dimen145
\Hy@linkcounter=\count115
\Hy@pagecounter=\count116

("C:\Program Files\MiKTeX 2.9\tex\latex\hyperref\pd1enc.def"
File: pd1enc.def 2012/05/13 v6.82q Hyperref: PDFDocEncoding definition (HO)
Now handling font encoding PD1 ...
... no UTF-8 mapping file for font encoding PD1
)
\Hy@SavedSpaceFactor=\count117

("C:\Program Files\MiKTeX 2.9\tex\latex\00miktex\hyperref.cfg"
File: hyperref.cfg 2002/06/06 v1.2 hyperref configuration of TeXLive
)
Package hyperref Info: Hyper figures OFF on input line 4062.
Package hyperref Info: Link nesting OFF on input line 4067.
Package hyperref Info: Hyper index ON on input line 4070.
Package hyperref Info: Plain pages OFF on input line 4077.
Package hyperref Info: Backreferencing OFF on input line 4082.
Package hyperref Info: Implicit mode ON; LaTeX internals redefined.
Package hyperref Info: Bookmarks ON on input line 4300.
\c@Hy@tempcnt=\count118
LaTeX Info: Redefining \url on input line 4653.
\Fld@menulength=\count119
\Field@Width=\dimen146
\Fld@charsize=\dimen147
Package hyperref Info: Hyper figures OFF on input line 5773.
Package hyperref Info: Link nesting OFF on input line 5778.
Package hyperref Info: Hyper index ON on input line 5781.
Package hyperref Info: backreferencing OFF on input line 5788.
Package hyperref Info: Link coloring OFF on input line 5793.
Package hyperref Info: Link coloring with OCG OFF on input line 5798.
Package hyperref Info: PDF/A mode OFF on input line 5803.
LaTeX Info: Redefining \ref on input line 5843.
LaTeX Info: Redefining \pageref on input line 5847.
\Hy@abspage=\count120
\c@Item=\count121
\c@Hfootnote=\count122
)

Package hyperref Message: Driver (autodetected): hpdftex.

("C:\Program Files\MiKTeX 2.9\tex\latex\hyperref\hpdftex.def"
File: hpdftex.def 2012/05/13 v6.82q Hyperref driver for pdfTeX
\Fld@listcount=\count123
\c@bookmark@seq@number=\count124

("C:\Program Files\MiKTeX 2.9\tex\latex\oberdiek\rerunfilecheck.sty"
Package: rerunfilecheck 2011/04/15 v1.7 Rerun checks for auxiliary files (HO)
Package uniquecounter Info: New unique counter `rerunfilecheck' on input line 2
82.
)
\Hy@SectionHShift=\skip106
)
(C:\Users\Jason\AppData\Roaming\MiKTeX\2.9\tex\latex\listings\listings.sty
\lst@mode=\count125
\lst@gtempboxa=\box28
\lst@token=\toks27
\lst@length=\count126
\lst@currlwidth=\dimen148
\lst@column=\count127
\lst@pos=\count128
\lst@lostspace=\dimen149
\lst@width=\dimen150
\lst@newlines=\count129
\lst@lineno=\count130
\lst@maxwidth=\dimen151

(C:\Users\Jason\AppData\Roaming\MiKTeX\2.9\tex\latex\listings\lstmisc.sty
File: lstmisc.sty 2007/02/22 1.4 (Carsten Heinz)
\c@lstnumber=\count131
\lst@skipnumbers=\count132
\lst@framebox=\box29
)
(C:\Users\Jason\AppData\Roaming\MiKTeX\2.9\tex\latex\listings\listings.cfg
File: listings.cfg 2007/02/22 1.4 listings configuration
))
Package: listings 2007/02/22 1.4 (Carsten Heinz)

("C:\Program Files\MiKTeX 2.9\tex\latex\float\float.sty"
Package: float 2001/11/08 v1.3d Float enhancements (AL)
\c@float@type=\count133
\float@exts=\toks28
\float@box=\box30
\@float@everytoks=\toks29
\@floatcapt=\box31
)
(C:\Users\Jason\Dropbox\Course_Material\CMSC_733\PS3\writeup.aux)
LaTeX Font Info:    Checking defaults for OML/cmm/m/it on input line 69.
LaTeX Font Info:    ... okay on input line 69.
LaTeX Font Info:    Checking defaults for T1/cmr/m/n on input line 69.
LaTeX Font Info:    ... okay on input line 69.
LaTeX Font Info:    Checking defaults for OT1/cmr/m/n on input line 69.
LaTeX Font Info:    ... okay on input line 69.
LaTeX Font Info:    Checking defaults for OMS/cmsy/m/n on input line 69.
LaTeX Font Info:    ... okay on input line 69.
LaTeX Font Info:    Checking defaults for OMX/cmex/m/n on input line 69.
LaTeX Font Info:    ... okay on input line 69.
LaTeX Font Info:    Checking defaults for U/cmr/m/n on input line 69.
LaTeX Font Info:    ... okay on input line 69.
LaTeX Font Info:    Checking defaults for PD1/pdf/m/n on input line 69.
LaTeX Font Info:    ... okay on input line 69.

*geometry* driver: auto-detecting
*geometry* detected driver: pdftex
*geometry* verbose mode - [ preamble ] result:
* driver: pdftex
* paper: a4paper
* layout: <same size as paper>
* layoutoffset:(h,v)=(0.0pt,0.0pt)
* modes: 
* h-part:(L,W,R)=(89.62709pt, 418.25368pt, 89.6271pt)
* v-part:(T,H,B)=(101.40665pt, 591.5302pt, 152.11pt)
* \paperwidth=597.50787pt
* \paperheight=845.04684pt
* \textwidth=418.25368pt
* \textheight=591.5302pt
* \oddsidemargin=17.3571pt
* \evensidemargin=17.3571pt
* \topmargin=-7.86334pt
* \headheight=12.0pt
* \headsep=25.0pt
* \topskip=11.0pt
* \footskip=30.0pt
* \marginparwidth=59.0pt
* \marginparsep=10.0pt
* \columnsep=10.0pt
* \skip\footins=10.0pt plus 4.0pt minus 2.0pt
* \hoffset=0.0pt
* \voffset=0.0pt
* \mag=1000
* \@twocolumnfalse
* \@twosidefalse
* \@mparswitchfalse
* \@reversemarginfalse
* (1in=72.27pt=25.4mm, 1cm=28.453pt)

(C:\Users\Jason\AppData\Roaming\MiKTeX\2.9\tex\context\base\supp-pdf.mkii
[Loading MPS to PDF converter (version 2006.09.02).]
\scratchcounter=\count134
\scratchdimen=\dimen152
\scratchbox=\box32
\nofMPsegments=\count135
\nofMParguments=\count136
\everyMPshowfont=\toks30
\MPscratchCnt=\count137
\MPscratchDim=\dimen153
\MPnumerator=\count138
\makeMPintoPDFobject=\count139
\everyMPtoPDFconversion=\toks31
)
Package caption Info: Begin \AtBeginDocument code.
Package caption Info: subfig package v1.3 is loaded.
Package caption Info: float package is loaded.
Package caption Info: hyperref package is loaded.
Package caption Info: listings package is loaded.
Package caption Info: End \AtBeginDocument code.
\AtBeginShipoutBox=\box33
Package hyperref Info: Link coloring OFF on input line 69.
 ("C:\Program Files\MiKTeX 2.9\tex\latex\hyperref\nameref.sty"
Package: nameref 2010/04/30 v2.40 Cross-referencing by name of section

("C:\Program Files\MiKTeX 2.9\tex\generic\oberdiek\gettitlestring.sty"
Package: gettitlestring 2010/12/03 v1.4 Cleanup title references (HO)
)
\c@section@level=\count140
)
LaTeX Info: Redefining \ref on input line 69.
LaTeX Info: Redefining \pageref on input line 69.
LaTeX Info: Redefining \nameref on input line 69.

(C:\Users\Jason\Dropbox\Course_Material\CMSC_733\PS3\writeup.out)
(C:\Users\Jason\Dropbox\Course_Material\CMSC_733\PS3\writeup.out)
\@outlinefile=\write3
\c@lstlisting=\count141

(C:\Users\Jason\Dropbox\Course_Material\CMSC_733\PS3\writeup.toc)
\tf@toc=\write4
 [1

{C:/Users/Jason/AppData/Local/MiKTeX/2.9/pdftex/config/pdftex.map}]
<figures/inp1.png, id=100, 421.575pt x 316.18124pt>
File: figures/inp1.png Graphic file (type png)
 <use figures/inp1.png>
Package pdftex.def Info: figures/inp1.png used on input line 104.
(pdftex.def)             Requested size: 133.84424pt x 100.384pt.

<figures/inp2.png, id=101, 421.575pt x 316.18124pt>
File: figures/inp2.png Graphic file (type png)
 <use figures/inp2.png>
Package pdftex.def Info: figures/inp2.png used on input line 105.
(pdftex.def)             Requested size: 133.84424pt x 100.384pt.

<figures/inp3.png, id=102, 421.575pt x 316.18124pt>
File: figures/inp3.png Graphic file (type png)
 <use figures/inp3.png>
Package pdftex.def Info: figures/inp3.png used on input line 106.
(pdftex.def)             Requested size: 133.84424pt x 100.384pt.

Overfull \hbox (19.27904pt too wide) in paragraph at lines 103--109
 [][] 
 []

[2 <C:/Users/Jason/Dropbox/Course_Material/CMSC_733/PS3/figures/inp1.png (PNG c
opy)> <C:/Users/Jason/Dropbox/Course_Material/CMSC_733/PS3/figures/inp2.png (PN
G copy)> <C:/Users/Jason/Dropbox/Course_Material/CMSC_733/PS3/figures/inp3.png 
(PNG copy)>]

LaTeX Font Warning: Command \tiny invalid in math mode on input line 148.


LaTeX Font Warning: Command \tiny invalid in math mode on input line 149.


LaTeX Font Warning: Command \tiny invalid in math mode on input line 152.

<figures/beforeEM.png, id=116, 578.16pt x 433.62pt>
File: figures/beforeEM.png Graphic file (type png)
 <use figures/beforeEM.png>
Package pdftex.def Info: figures/beforeEM.png used on input line 173.
(pdftex.def)             Requested size: 202.35902pt x 151.76927pt.

<figures/iter1.png, id=117, 578.16pt x 433.62pt>
File: figures/iter1.png Graphic file (type png)
 <use figures/iter1.png>
Package pdftex.def Info: figures/iter1.png used on input line 173.
(pdftex.def)             Requested size: 202.35902pt x 151.76927pt.

<figures/iter2.png, id=118, 578.16pt x 433.62pt>
File: figures/iter2.png Graphic file (type png)
 <use figures/iter2.png>
Package pdftex.def Info: figures/iter2.png used on input line 175.
(pdftex.def)             Requested size: 202.35902pt x 151.76927pt.

<figures/iter3.png, id=119, 578.16pt x 433.62pt>
File: figures/iter3.png Graphic file (type png)
 <use figures/iter3.png>
Package pdftex.def Info: figures/iter3.png used on input line 175.
(pdftex.def)             Requested size: 202.35902pt x 151.76927pt.

<figures/iter4.png, id=120, 578.16pt x 433.62pt>
File: figures/iter4.png Graphic file (type png)
 <use figures/iter4.png>
Package pdftex.def Info: figures/iter4.png used on input line 177.
(pdftex.def)             Requested size: 202.35902pt x 151.76927pt.

<figures/iter5.png, id=121, 578.16pt x 433.62pt>
File: figures/iter5.png Graphic file (type png)
 <use figures/iter5.png>
Package pdftex.def Info: figures/iter5.png used on input line 177.
(pdftex.def)             Requested size: 202.35902pt x 151.76927pt.

Overfull \hbox (10.46437pt too wide) in paragraph at lines 172--180
 [][] 
 []

[3] <figures/EM_results_noise_1.png, id=138, 578.16pt x 433.62pt>
File: figures/EM_results_noise_1.png Graphic file (type png)

<use figures/EM_results_noise_1.png>
Package pdftex.def Info: figures/EM_results_noise_1.png used on input line 187.

(pdftex.def)             Requested size: 125.47737pt x 94.10648pt.

<figures/EM_results_noise_2.png, id=139, 578.16pt x 433.62pt>
File: figures/EM_results_noise_2.png Graphic file (type png)

<use figures/EM_results_noise_2.png>
Package pdftex.def Info: figures/EM_results_noise_2.png used on input line 187.

(pdftex.def)             Requested size: 125.47737pt x 94.10648pt.

<figures/EM_results_noise_3.png, id=140, 578.16pt x 433.62pt>
File: figures/EM_results_noise_3.png Graphic file (type png)

<use figures/EM_results_noise_3.png>
Package pdftex.def Info: figures/EM_results_noise_3.png used on input line 188.

(pdftex.def)             Requested size: 125.47737pt x 94.10648pt.

<figures/EM_results_noise_4.png, id=141, 578.16pt x 433.62pt>
File: figures/EM_results_noise_4.png Graphic file (type png)

<use figures/EM_results_noise_4.png>
Package pdftex.def Info: figures/EM_results_noise_4.png used on input line 188.

(pdftex.def)             Requested size: 125.47737pt x 94.10648pt.

<figures/EM_results_noise_5.png, id=142, 578.16pt x 433.62pt>
File: figures/EM_results_noise_5.png Graphic file (type png)

<use figures/EM_results_noise_5.png>
Package pdftex.def Info: figures/EM_results_noise_5.png used on input line 189.

(pdftex.def)             Requested size: 125.47737pt x 94.10648pt.

<figures/EM_results_noise_6.png, id=143, 578.16pt x 433.62pt>
File: figures/EM_results_noise_6.png Graphic file (type png)

<use figures/EM_results_noise_6.png>
Package pdftex.def Info: figures/EM_results_noise_6.png used on input line 189.

(pdftex.def)             Requested size: 125.47737pt x 94.10648pt.

<figures/EM_results_noise_7.png, id=144, 578.16pt x 433.62pt>
File: figures/EM_results_noise_7.png Graphic file (type png)

<use figures/EM_results_noise_7.png>
Package pdftex.def Info: figures/EM_results_noise_7.png used on input line 190.

(pdftex.def)             Requested size: 125.47737pt x 94.10648pt.

<figures/EM_results_noise_8.png, id=145, 578.16pt x 433.62pt>
File: figures/EM_results_noise_8.png Graphic file (type png)

<use figures/EM_results_noise_8.png>
Package pdftex.def Info: figures/EM_results_noise_8.png used on input line 190.

(pdftex.def)             Requested size: 125.47737pt x 94.10648pt.

<figures/EM_results_noise_9.png, id=146, 578.16pt x 433.62pt>
File: figures/EM_results_noise_9.png Graphic file (type png)

<use figures/EM_results_noise_9.png>
Package pdftex.def Info: figures/EM_results_noise_9.png used on input line 190.

(pdftex.def)             Requested size: 125.47737pt x 94.10648pt.

<figures/EM_results_noise_10.png, id=147, 578.16pt x 433.62pt>
File: figures/EM_results_noise_10.png Graphic file (type png)

<use figures/EM_results_noise_10.png>
Package pdftex.def Info: figures/EM_results_noise_10.png used on input line 191
.
(pdftex.def)             Requested size: 125.47737pt x 94.10648pt.
 [4 <C:/Users/Jason/Dropbox/Course_Material/CMSC_733/PS3/figures/beforeEM.png (
PNG copy)> <C:/Users/Jason/Dropbox/Course_Material/CMSC_733/PS3/figures/iter1.p
ng (PNG copy)> <C:/Users/Jason/Dropbox/Course_Material/CMSC_733/PS3/figures/ite
r2.png (PNG copy)> <C:/Users/Jason/Dropbox/Course_Material/CMSC_733/PS3/figures
/iter3.png (PNG copy)> <C:/Users/Jason/Dropbox/Course_Material/CMSC_733/PS3/fig
ures/iter4.png (PNG copy)> <C:/Users/Jason/Dropbox/Course_Material/CMSC_733/PS3
/figures/iter5.png (PNG copy)>] [5 <C:/Users/Jason/Dropbox/Course_Material/CMSC
_733/PS3/figures/EM_results_noise_1.png (PNG copy)> <C:/Users/Jason/Dropbox/Cou
rse_Material/CMSC_733/PS3/figures/EM_results_noise_2.png (PNG copy)> <C:/Users/
Jason/Dropbox/Course_Material/CMSC_733/PS3/figures/EM_results_noise_3.png (PNG 
copy)> <C:/Users/Jason/Dropbox/Course_Material/CMSC_733/PS3/figures/EM_results_
noise_4.png (PNG copy)> <C:/Users/Jason/Dropbox/Course_Material/CMSC_733/PS3/fi
gures/EM_results_noise_5.png (PNG copy)> <C:/Users/Jason/Dropbox/Course_Materia
l/CMSC_733/PS3/figures/EM_results_noise_6.png (PNG copy)> <C:/Users/Jason/Dropb
ox/Course_Material/CMSC_733/PS3/figures/EM_results_noise_7.png (PNG copy)> <C:/
Users/Jason/Dropbox/Course_Material/CMSC_733/PS3/figures/EM_results_noise_8.png
 (PNG copy)> <C:/Users/Jason/Dropbox/Course_Material/CMSC_733/PS3/figures/EM_re
sults_noise_9.png (PNG copy)> <C:/Users/Jason/Dropbox/Course_Material/CMSC_733/
PS3/figures/EM_results_noise_10.png (PNG copy)>] <figures/sift_square.png, id=1
63, 75.28125pt x 76.78688pt>
File: figures/sift_square.png Graphic file (type png)

<use figures/sift_square.png>
Package pdftex.def Info: figures/sift_square.png used on input line 213.
(pdftex.def)             Requested size: 97.86559pt x 99.8229pt.

<figures/sift_left.png, id=165, 303.38344pt x 225.09094pt>
File: figures/sift_left.png Graphic file (type png)

<use figures/sift_left.png>
Package pdftex.def Info: figures/sift_left.png used on input line 214.
(pdftex.def)             Requested size: 121.35121pt x 90.03477pt.

<figures/sift_right.png, id=166, 304.13625pt x 228.855pt>
File: figures/sift_right.png Graphic file (type png)

<use figures/sift_right.png>
Package pdftex.def Info: figures/sift_right.png used on input line 215.
(pdftex.def)             Requested size: 121.65233pt x 91.54037pt.

<figures/sift_threebest_left.png, id=167, 302.63063pt x 229.60782pt>
File: figures/sift_threebest_left.png Graphic file (type png)

<use figures/sift_threebest_left.png>
Package pdftex.def Info: figures/sift_threebest_left.png used on input line 229
.
(pdftex.def)             Requested size: 209.12683pt x 158.6678pt.

<figures/sift_threebest_right.png, id=168, 303.38344pt x 227.34938pt>
File: figures/sift_threebest_right.png Graphic file (type png)

<use figures/sift_threebest_right.png>
Package pdftex.def Info: figures/sift_threebest_right.png used on input line 23
0.
(pdftex.def)             Requested size: 209.12683pt x 156.7186pt.

Overfull \hbox (23.99998pt too wide) in paragraph at lines 228--233
 [][] 
 []

[6 <C:/Users/Jason/Dropbox/Course_Material/CMSC_733/PS3/figures/sift_square.png
> <C:/Users/Jason/Dropbox/Course_Material/CMSC_733/PS3/figures/sift_left.png> <
C:/Users/Jason/Dropbox/Course_Material/CMSC_733/PS3/figures/sift_right.png> <C:
/Users/Jason/Dropbox/Course_Material/CMSC_733/PS3/figures/sift_threebest_left.p
ng> <C:/Users/Jason/Dropbox/Course_Material/CMSC_733/PS3/figures/sift_threebest
_right.png>]
LaTeX Font Info:    Try loading font information for OML+cmr on input line 244.

 ("C:\Program Files\MiKTeX 2.9\tex\latex\base\omlcmr.fd"
File: omlcmr.fd 1999/05/25 v2.5h Standard LaTeX font definitions
)
LaTeX Font Info:    Font shape `OML/cmr/m/n' in size <10.95> not available
(Font)              Font shape `OML/cmm/m/it' tried instead on input line 244.
LaTeX Font Info:    Try loading font information for OMS+cmr on input line 248.


("C:\Program Files\MiKTeX 2.9\tex\latex\base\omscmr.fd"
File: omscmr.fd 1999/05/25 v2.5h Standard LaTeX font definitions
)
LaTeX Font Info:    Font shape `OMS/cmr/m/n' in size <10.95> not available
(Font)              Font shape `OMS/cmsy/m/n' tried instead on input line 248.
 [7]
<LR1bw.png, id=212, 303.38344pt x 227.34938pt>
File: LR1bw.png Graphic file (type png)
 <use LR1bw.png>
Package pdftex.def Info: LR1bw.png used on input line 285.
(pdftex.def)             Requested size: 121.35121pt x 90.93813pt.

<figures/tr100stitching.png, id=213, 380.92313pt x 230.36063pt>
File: figures/tr100stitching.png Graphic file (type png)

<use figures/tr100stitching.png>
Package pdftex.def Info: figures/tr100stitching.png used on input line 286.
(pdftex.def)             Requested size: 152.36655pt x 92.14261pt.

<figures/tr_rot_sc_stitching.png, id=214, 304.13625pt x 304.13625pt>
File: figures/tr_rot_sc_stitching.png Graphic file (type png)

<use figures/tr_rot_sc_stitching.png>
Package pdftex.def Info: figures/tr_rot_sc_stitching.png used on input line 287
.
(pdftex.def)             Requested size: 121.65233pt x 121.65233pt.

Overfull \hbox (13.11641pt too wide) in paragraph at lines 284--290
 [][] 
 []

File: LR1bw.png Graphic file (type png)
<use LR1bw.png>
Package pdftex.def Info: LR1bw.png used on input line 302.
(pdftex.def)             Requested size: 121.35121pt x 90.93813pt.
 <LR2bw.png, id=216, 303.38344pt x 228.10219pt>
File: LR2bw.png Graphic file (type png)
 <use LR2bw.png>
Package pdftex.def Info: LR2bw.png used on input line 303.
(pdftex.def)             Requested size: 121.35121pt x 91.23924pt.

<figures/mosaic1.png, id=217, 353.82187pt x 230.36063pt>
File: figures/mosaic1.png Graphic file (type png)

<use figures/mosaic1.png>
Package pdftex.def Info: figures/mosaic1.png used on input line 304.
(pdftex.def)             Requested size: 141.52623pt x 92.14261pt.

Overfull \hbox (1.97498pt too wide) in paragraph at lines 301--307
 [][] 
 []

[8 <C:/Users/Jason/Dropbox/Course_Material/CMSC_733/PS3/LR1bw.png> <C:/Users/Ja
son/Dropbox/Course_Material/CMSC_733/PS3/figures/tr100stitching.png> <C:/Users/
Jason/Dropbox/Course_Material/CMSC_733/PS3/figures/tr_rot_sc_stitching.png>]
File: LR1bw.png Graphic file (type png)

<use LR1bw.png>
Package pdftex.def Info: LR1bw.png used on input line 322.
(pdftex.def)             Requested size: 125.47737pt x 94.03255pt.

<figures/rotated_figure.jpg, id=231, 271.76532pt x 225.84375pt>
File: figures/rotated_figure.jpg Graphic file (type jpg)

<use figures/rotated_figure.jpg>
Package pdftex.def Info: figures/rotated_figure.jpg used on input line 323.
(pdftex.def)             Requested size: 125.47737pt x 104.27533pt.

<figures/mosaic_rotation.png, id=232, 275.52937pt x 225.84375pt>
File: figures/mosaic_rotation.png Graphic file (type png)

<use figures/mosaic_rotation.png>
Package pdftex.def Info: figures/mosaic_rotation.png used on input line 324.
(pdftex.def)             Requested size: 125.47737pt x 102.8521pt.

<figures/room_b_w.png, id=235, 3276.24pt x 2457.18pt>
File: figures/room_b_w.png Graphic file (type png)

<use figures/room_b_w.png>
Package pdftex.def Info: figures/room_b_w.png used on input line 337.
(pdftex.def)             Requested size: 212.96307pt x 159.7223pt.
 [9 <C:/Users/Jason/Dropbox/Course_Material/CMSC_733/PS3/LR2bw.png> <C:/Users/J
ason/Dropbox/Course_Material/CMSC_733/PS3/figures/mosaic1.png> <C:/Users/Jason/
Dropbox/Course_Material/CMSC_733/PS3/figures/rotated_figure.jpg> <C:/Users/Jaso
n/Dropbox/Course_Material/CMSC_733/PS3/figures/mosaic_rotation.png>] <figures/r
oom_l.png, id=246, 429.85594pt x 461.47406pt>
File: figures/room_l.png Graphic file (type png)

<use figures/room_l.png>
Package pdftex.def Info: figures/room_l.png used on input line 345.
(pdftex.def)             Requested size: 85.96967pt x 92.29317pt.

<figures/room_r.png, id=247, 432.11438pt x 462.97969pt>
File: figures/room_r.png Graphic file (type png)

<use figures/room_r.png>
Package pdftex.def Info: figures/room_r.png used on input line 346.
(pdftex.def)             Requested size: 86.42134pt x 92.59428pt.

<figures/room_mosaic.png, id=248, 615.0478pt x 464.4853pt>
File: figures/room_mosaic.png Graphic file (type png)

<use figures/room_mosaic.png>
Package pdftex.def Info: figures/room_mosaic.png used on input line 347.
(pdftex.def)             Requested size: 123.00737pt x 92.89542pt.
File: figures/room_l.png Graphic file (type png)
 <use figures/room_l.png>
Package pdftex.def Info: figures/room_l.png used on input line 359.
(pdftex.def)             Requested size: 107.46371pt x 115.36823pt.

<figures/room_trs.png, id=251, 546.04pt x 573.14125pt>
File: figures/room_trs.png Graphic file (type png)

<use figures/room_trs.png>
Package pdftex.def Info: figures/room_trs.png used on input line 360.
(pdftex.def)             Requested size: 136.50966pt x 143.28496pt.

<figures/room_mosaic2.png, id=252, 411.78844pt x 434.37282pt>
File: figures/room_mosaic2.png Graphic file (type png)

<use figures/room_mosaic2.png>
Package pdftex.def Info: figures/room_mosaic2.png used on input line 361.
(pdftex.def)             Requested size: 102.94685pt x 108.59293pt.
Package atveryend Info: Empty hook `BeforeClearDocument' on input line 367.
 [10 <C:/Users/Jason/Dropbox/Course_Material/CMSC_733/PS3/figures/room_b_w.png 
(PNG copy)> <C:/Users/Jason/Dropbox/Course_Material/CMSC_733/PS3/figures/room_l
.png> <C:/Users/Jason/Dropbox/Course_Material/CMSC_733/PS3/figures/room_r.png> 
<C:/Users/Jason/Dropbox/Course_Material/CMSC_733/PS3/figures/room_mosaic.png> <
C:/Users/Jason/Dropbox/Course_Material/CMSC_733/PS3/figures/room_trs.png (PNG c
opy)> <C:/Users/Jason/Dropbox/Course_Material/CMSC_733/PS3/figures/room_mosaic2
.png>]
Package atveryend Info: Empty hook `AfterLastShipout' on input line 367.

(C:\Users\Jason\Dropbox\Course_Material\CMSC_733\PS3\writeup.aux)
Package atveryend Info: Executing hook `AtVeryEndDocument' on input line 367.
Package atveryend Info: Executing hook `AtEndAfterFileList' on input line 367.
Package rerunfilecheck Info: File `writeup.out' has not changed.
(rerunfilecheck)             Checksum: 0C11A89C2BB8186AAC4096A44521912C;1077.


LaTeX Warning: Label(s) may have changed. Rerun to get cross-references right.

Package atveryend Info: Empty hook `AtVeryVeryEnd' on input line 367.
 ) 
Here is how much of TeX's memory you used:
 10042 strings out of 494045
 148119 string characters out of 3148387
 254711 words of memory out of 3000000
 13095 multiletter control sequences out of 15000+200000
 14447 words of font info for 52 fonts, out of 3000000 for 9000
 715 hyphenation exceptions out of 8191
 44i,12n,43p,859b,1231s stack positions out of 5000i,500n,10000p,200000b,50000s
<C:/Program Files/MiKTeX 2.9/fonts/type1/public/amsfonts/cm/cmbx10.pfb><C:/Pr
ogram Files/MiKTeX 2.9/fonts/type1/public/amsfonts/cm/cmbx6.pfb><C:/Program Fil
es/MiKTeX 2.9/fonts/type1/public/amsfonts/cm/cmbx8.pfb><C:/Program Files/MiKTeX
 2.9/fonts/type1/public/amsfonts/cm/cmex10.pfb><C:/Program Files/MiKTeX 2.9/fon
ts/type1/public/amsfonts/cm/cmmi10.pfb><C:/Program Files/MiKTeX 2.9/fonts/type1
/public/amsfonts/cm/cmmi6.pfb><C:/Program Files/MiKTeX 2.9/fonts/type1/public/a
msfonts/cm/cmmi8.pfb><C:/Program Files/MiKTeX 2.9/fonts/type1/public/amsfonts/c
m/cmr10.pfb><C:/Program Files/MiKTeX 2.9/fonts/type1/public/amsfonts/cm/cmr12.p
fb><C:/Program Files/MiKTeX 2.9/fonts/type1/public/amsfonts/cm/cmr17.pfb><C:/Pr
ogram Files/MiKTeX 2.9/fonts/type1/public/amsfonts/cm/cmr6.pfb><C:/Program File
s/MiKTeX 2.9/fonts/type1/public/amsfonts/cm/cmr8.pfb><C:/Program Files/MiKTeX 2
.9/fonts/type1/public/amsfonts/cm/cmr9.pfb><C:/Program Files/MiKTeX 2.9/fonts/t
ype1/public/amsfonts/cm/cmss10.pfb><C:/Program Files/MiKTeX 2.9/fonts/type1/pub
lic/amsfonts/cm/cmss12.pfb><C:/Program Files/MiKTeX 2.9/fonts/type1/public/amsf
onts/cm/cmsy10.pfb><C:/Program Files/MiKTeX 2.9/fonts/type1/public/amsfonts/cm/
cmsy6.pfb><C:/Program Files/MiKTeX 2.9/fonts/type1/public/amsfonts/cm/cmsy8.pfb
><C:/Program Files/MiKTeX 2.9/fonts/type1/public/amsfonts/cm/cmtt10.pfb><C:/Pro
gram Files/MiKTeX 2.9/fonts/type1/public/amsfonts/cm/cmtt9.pfb>
Output written on writeup.pdf (10 pages, 6606245 bytes).
PDF statistics:
 341 PDF objects out of 1000 (max. 8388607)
 68 named destinations out of 1000 (max. 500000)
 314 words of extra memory for PDF output out of 10000 (max. 10000000)

